2025-04-15 09:23:45 [main] INFO  c.filemanager.FileManagerApplication - Starting FileManagerApplication using Java 17.0.9 with PID 24804 (C:\Users\xibin.song\Code\App\imaunal\server\target\classes started by xibin.song in C:\Users\xibin.song\Code\App\imaunal)
2025-04-15 09:23:45 [main] DEBUG c.filemanager.FileManagerApplication - Running with Spring Boot v3.2.3, Spring v6.1.4
2025-04-15 09:23:45 [main] INFO  c.filemanager.FileManagerApplication - The following 1 profile is active: "dev"
2025-04-15 09:23:48 [main] INFO  o.s.d.r.c.RepositoryConfigurationDelegate - Bootstrapping Spring Data JPA repositories in DEFAULT mode.
2025-04-15 09:23:48 [main] INFO  o.s.d.r.c.RepositoryConfigurationDelegate - Finished Spring Data repository scanning in 140 ms. Found 3 JPA repository interfaces.
2025-04-15 09:23:50 [main] INFO  o.s.b.w.e.tomcat.TomcatWebServer - Tomcat initialized with port 8080 (http)
2025-04-15 09:23:50 [main] INFO  o.a.catalina.core.StandardService - Starting service [Tomcat]
2025-04-15 09:23:50 [main] INFO  o.a.catalina.core.StandardEngine - Starting Servlet engine: [Apache Tomcat/10.1.19]
2025-04-15 09:23:50 [main] INFO  o.a.c.c.C.[.[localhost].[/api/v1] - Initializing Spring embedded WebApplicationContext
2025-04-15 09:23:50 [main] INFO  o.s.b.w.s.c.ServletWebServerApplicationContext - Root WebApplicationContext: initialization completed in 4607 ms
2025-04-15 09:23:51 [main] INFO  o.h.jpa.internal.util.LogHelper - HHH000204: Processing PersistenceUnitInfo [name: default]
2025-04-15 09:23:51 [main] INFO  org.hibernate.Version - HHH000412: Hibernate ORM core version 6.4.4.Final
2025-04-15 09:23:51 [main] INFO  o.h.c.i.RegionFactoryInitiator - HHH000026: Second-level cache disabled
2025-04-15 09:23:52 [main] INFO  o.s.o.j.p.SpringPersistenceUnitInfo - No LoadTimeWeaver setup: ignoring JPA class transformer
2025-04-15 09:23:52 [main] INFO  com.zaxxer.hikari.HikariDataSource - HikariPool-1 - Starting...
2025-04-15 09:23:53 [main] INFO  com.zaxxer.hikari.pool.HikariPool - HikariPool-1 - Added connection org.postgresql.jdbc.PgConnection@2ecdf528
2025-04-15 09:23:53 [main] INFO  com.zaxxer.hikari.HikariDataSource - HikariPool-1 - Start completed.
2025-04-15 09:23:53 [main] WARN  org.hibernate.orm.deprecation - HHH90000025: PostgreSQLDialect does not need to be specified explicitly using 'hibernate.dialect' (remove the property setting and it will be selected by default)
2025-04-15 09:23:58 [main] INFO  o.s.o.j.LocalContainerEntityManagerFactoryBean - Initialized JPA EntityManagerFactory for persistence unit 'default'
2025-04-15 09:23:59 [main] INFO  o.s.d.j.r.query.QueryEnhancerFactory - Hibernate is in classpath; If applicable, HQL parser will be used.
2025-04-15 09:24:00 [main] DEBUG c.f.security.JwtAuthenticationFilter - Filter 'jwtAuthenticationFilter' configured for use
2025-04-15 09:24:01 [main] WARN  o.s.b.a.o.j.JpaBaseConfiguration$JpaWebConfiguration - spring.jpa.open-in-view is enabled by default. Therefore, database queries may be performed during view rendering. Explicitly configure spring.jpa.open-in-view to disable this warning
2025-04-15 09:24:02 [main] INFO  o.s.s.web.DefaultSecurityFilterChain - Will secure any request with [org.springframework.security.web.session.DisableEncodeUrlFilter@6ca6a1a6, org.springframework.security.web.context.request.async.WebAsyncManagerIntegrationFilter@378446f9, org.springframework.security.web.context.SecurityContextHolderFilter@6dace32a, org.springframework.security.web.header.HeaderWriterFilter@7cc9970a, org.springframework.web.filter.CorsFilter@669f2128, org.springframework.security.web.authentication.logout.LogoutFilter@25eadfe6, com.filemanager.security.JwtAuthenticationFilter@31d96cd6, org.springframework.security.web.savedrequest.RequestCacheAwareFilter@40c7cea8, org.springframework.security.web.servletapi.SecurityContextHolderAwareRequestFilter@41a56594, org.springframework.security.web.authentication.AnonymousAuthenticationFilter@39badc71, org.springframework.security.web.session.SessionManagementFilter@39ad1fdb, org.springframework.security.web.access.ExceptionTranslationFilter@70798698, org.springframework.security.web.access.intercept.AuthorizationFilter@41e35358]
2025-04-15 09:24:03 [main] INFO  o.s.b.w.e.tomcat.TomcatWebServer - Tomcat started on port 8080 (http) with context path '/api/v1'
2025-04-15 09:24:03 [main] INFO  c.filemanager.FileManagerApplication - Started FileManagerApplication in 18.772 seconds (process running for 19.676)
2025-04-15 09:25:08 [http-nio-8080-exec-3] INFO  o.a.c.c.C.[.[localhost].[/api/v1] - Initializing Spring DispatcherServlet 'dispatcherServlet'
2025-04-15 09:25:08 [http-nio-8080-exec-3] INFO  o.s.web.servlet.DispatcherServlet - Initializing Servlet 'dispatcherServlet'
2025-04-15 09:25:08 [http-nio-8080-exec-3] INFO  o.s.web.servlet.DispatcherServlet - Completed initialization in 1 ms
2025-04-15 09:25:08 [http-nio-8080-exec-3] ERROR o.a.c.c.C.[.[.[.[dispatcherServlet] - Servlet.service() for servlet [dispatcherServlet] in context with path [/api/v1] threw exception
io.jsonwebtoken.ExpiredJwtException: JWT expired at 2025-04-09T05:19:20Z. Current time: 2025-04-15T01:25:08Z, a difference of 504348442 milliseconds.  Allowed clock skew: 0 milliseconds.
	at io.jsonwebtoken.impl.DefaultJwtParser.parse(DefaultJwtParser.java:427)
	at io.jsonwebtoken.impl.DefaultJwtParser.parse(DefaultJwtParser.java:529)
	at io.jsonwebtoken.impl.DefaultJwtParser.parseClaimsJws(DefaultJwtParser.java:589)
	at io.jsonwebtoken.impl.ImmutableJwtParser.parseClaimsJws(ImmutableJwtParser.java:173)
	at com.filemanager.security.JwtService.extractAllClaims(JwtService.java:89)
	at com.filemanager.security.JwtService.extractClaim(JwtService.java:34)
	at com.filemanager.security.JwtService.extractUsername(JwtService.java:30)
	at com.filemanager.security.JwtAuthenticationFilter.doFilterInternal(JwtAuthenticationFilter.java:45)
	at org.springframework.web.filter.OncePerRequestFilter.doFilter(OncePerRequestFilter.java:116)
	at org.springframework.security.web.FilterChainProxy$VirtualFilterChain.doFilter(FilterChainProxy.java:374)
	at org.springframework.security.web.authentication.logout.LogoutFilter.doFilter(LogoutFilter.java:107)
	at org.springframework.security.web.authentication.logout.LogoutFilter.doFilter(LogoutFilter.java:93)
	at org.springframework.security.web.FilterChainProxy$VirtualFilterChain.doFilter(FilterChainProxy.java:374)
	at org.springframework.web.filter.CorsFilter.doFilterInternal(CorsFilter.java:91)
	at org.springframework.web.filter.OncePerRequestFilter.doFilter(OncePerRequestFilter.java:116)
	at org.springframework.security.web.FilterChainProxy$VirtualFilterChain.doFilter(FilterChainProxy.java:374)
	at org.springframework.security.web.header.HeaderWriterFilter.doHeadersAfter(HeaderWriterFilter.java:90)
	at org.springframework.security.web.header.HeaderWriterFilter.doFilterInternal(HeaderWriterFilter.java:75)
	at org.springframework.web.filter.OncePerRequestFilter.doFilter(OncePerRequestFilter.java:116)
	at org.springframework.security.web.FilterChainProxy$VirtualFilterChain.doFilter(FilterChainProxy.java:374)
	at org.springframework.security.web.context.SecurityContextHolderFilter.doFilter(SecurityContextHolderFilter.java:82)
	at org.springframework.security.web.context.SecurityContextHolderFilter.doFilter(SecurityContextHolderFilter.java:69)
	at org.springframework.security.web.FilterChainProxy$VirtualFilterChain.doFilter(FilterChainProxy.java:374)
	at org.springframework.security.web.context.request.async.WebAsyncManagerIntegrationFilter.doFilterInternal(WebAsyncManagerIntegrationFilter.java:62)
	at org.springframework.web.filter.OncePerRequestFilter.doFilter(OncePerRequestFilter.java:116)
	at org.springframework.security.web.FilterChainProxy$VirtualFilterChain.doFilter(FilterChainProxy.java:374)
	at org.springframework.security.web.session.DisableEncodeUrlFilter.doFilterInternal(DisableEncodeUrlFilter.java:42)
	at org.springframework.web.filter.OncePerRequestFilter.doFilter(OncePerRequestFilter.java:116)
	at org.springframework.security.web.FilterChainProxy$VirtualFilterChain.doFilter(FilterChainProxy.java:374)
	at org.springframework.security.web.FilterChainProxy.doFilterInternal(FilterChainProxy.java:233)
	at org.springframework.security.web.FilterChainProxy.doFilter(FilterChainProxy.java:191)
	at org.springframework.web.filter.CompositeFilter$VirtualFilterChain.doFilter(CompositeFilter.java:113)
	at org.springframework.web.servlet.handler.HandlerMappingIntrospector.lambda$createCacheFilter$3(HandlerMappingIntrospector.java:195)
	at org.springframework.web.filter.CompositeFilter$VirtualFilterChain.doFilter(CompositeFilter.java:113)
	at org.springframework.web.filter.CompositeFilter.doFilter(CompositeFilter.java:74)
	at org.springframework.security.config.annotation.web.configuration.WebMvcSecurityConfiguration$CompositeFilterChainProxy.doFilter(WebMvcSecurityConfiguration.java:230)
	at org.springframework.web.filter.DelegatingFilterProxy.invokeDelegate(DelegatingFilterProxy.java:352)
	at org.springframework.web.filter.DelegatingFilterProxy.doFilter(DelegatingFilterProxy.java:268)
	at org.apache.catalina.core.ApplicationFilterChain.internalDoFilter(ApplicationFilterChain.java:174)
	at org.apache.catalina.core.ApplicationFilterChain.doFilter(ApplicationFilterChain.java:149)
	at org.springframework.web.filter.RequestContextFilter.doFilterInternal(RequestContextFilter.java:100)
	at org.springframework.web.filter.OncePerRequestFilter.doFilter(OncePerRequestFilter.java:116)
	at org.apache.catalina.core.ApplicationFilterChain.internalDoFilter(ApplicationFilterChain.java:174)
	at org.apache.catalina.core.ApplicationFilterChain.doFilter(ApplicationFilterChain.java:149)
	at org.springframework.web.filter.FormContentFilter.doFilterInternal(FormContentFilter.java:93)
	at org.springframework.web.filter.OncePerRequestFilter.doFilter(OncePerRequestFilter.java:116)
	at org.apache.catalina.core.ApplicationFilterChain.internalDoFilter(ApplicationFilterChain.java:174)
	at org.apache.catalina.core.ApplicationFilterChain.doFilter(ApplicationFilterChain.java:149)
	at org.springframework.web.filter.CharacterEncodingFilter.doFilterInternal(CharacterEncodingFilter.java:201)
	at org.springframework.web.filter.OncePerRequestFilter.doFilter(OncePerRequestFilter.java:116)
	at org.apache.catalina.core.ApplicationFilterChain.internalDoFilter(ApplicationFilterChain.java:174)
	at org.apache.catalina.core.ApplicationFilterChain.doFilter(ApplicationFilterChain.java:149)
	at org.apache.catalina.core.StandardWrapperValve.invoke(StandardWrapperValve.java:167)
	at org.apache.catalina.core.StandardContextValve.invoke(StandardContextValve.java:90)
	at org.apache.catalina.authenticator.AuthenticatorBase.invoke(AuthenticatorBase.java:482)
	at org.apache.catalina.core.StandardHostValve.invoke(StandardHostValve.java:115)
	at org.apache.catalina.valves.ErrorReportValve.invoke(ErrorReportValve.java:93)
	at org.apache.catalina.core.StandardEngineValve.invoke(StandardEngineValve.java:74)
	at org.apache.catalina.connector.CoyoteAdapter.service(CoyoteAdapter.java:344)
	at org.apache.coyote.http11.Http11Processor.service(Http11Processor.java:391)
	at org.apache.coyote.AbstractProcessorLight.process(AbstractProcessorLight.java:63)
	at org.apache.coyote.AbstractProtocol$ConnectionHandler.process(AbstractProtocol.java:896)
	at org.apache.tomcat.util.net.NioEndpoint$SocketProcessor.doRun(NioEndpoint.java:1744)
	at org.apache.tomcat.util.net.SocketProcessorBase.run(SocketProcessorBase.java:52)
	at org.apache.tomcat.util.threads.ThreadPoolExecutor.runWorker(ThreadPoolExecutor.java:1191)
	at org.apache.tomcat.util.threads.ThreadPoolExecutor$Worker.run(ThreadPoolExecutor.java:659)
	at org.apache.tomcat.util.threads.TaskThread$WrappingRunnable.run(TaskThread.java:63)
	at java.base/java.lang.Thread.run(Thread.java:842)
2025-04-15 09:27:01 [http-nio-8080-exec-6] INFO  c.f.controller.AuthController - User login attempt: test@3.com
2025-04-15 09:27:01 [http-nio-8080-exec-6] INFO  c.f.service.impl.UserServiceImpl - Authenticating user: test@3.com
2025-04-15 09:27:01 [http-nio-8080-exec-6] DEBUG c.f.service.impl.UserServiceImpl - User found: test@3.com
2025-04-15 09:27:01 [http-nio-8080-exec-6] INFO  c.f.service.impl.UserServiceImpl - Authentication successful for user: test@3.com
2025-04-15 09:27:01 [http-nio-8080-exec-6] INFO  c.f.controller.AuthController - User logged in successfully: test@3.com
2025-04-15 09:27:01 [http-nio-8080-exec-7] DEBUG c.f.service.impl.UserServiceImpl - Loading user by username: test@3.com
2025-04-15 09:27:02 [http-nio-8080-exec-7] DEBUG c.f.security.JwtAuthenticationFilter - doFilterInternal test@3.com
2025-04-15 09:27:02 [http-nio-8080-exec-7] INFO  c.f.controller.DocumentController - Getting dashboard statistics
2025-04-15 09:27:02 [http-nio-8080-exec-7] INFO  c.f.service.impl.DocumentServiceImpl - Getting dashboard statistics
2025-04-15 09:27:02 [http-nio-8080-exec-7] INFO  c.f.service.impl.DocumentServiceImpl - Dashboard statistics retrieved - total: 1, monthly: 1, storage: 459, published: 0, draft: 1
2025-04-15 09:27:02 [http-nio-8080-exec-7] INFO  c.f.controller.DocumentController - Dashboard statistics retrieved successfully
2025-04-15 09:27:02 [http-nio-8080-exec-10] DEBUG c.f.service.impl.UserServiceImpl - Loading user by username: test@3.com
2025-04-15 09:27:02 [http-nio-8080-exec-10] DEBUG c.f.security.JwtAuthenticationFilter - doFilterInternal test@3.com
2025-04-15 09:27:02 [http-nio-8080-exec-10] INFO  c.f.controller.DocumentController - Getting documents - page: 1, size: 5, keyword: null, sortBy: createdAt, sortOrder: desc
2025-04-15 09:27:02 [http-nio-8080-exec-10] DEBUG c.f.controller.DocumentController - Getting all documents
2025-04-15 09:27:02 [http-nio-8080-exec-10] DEBUG c.f.service.impl.DocumentServiceImpl - Fetching all documents with pageable: Page request [number: 1, size 5, sort: createdAt: DESC]
2025-04-15 09:27:02 [http-nio-8080-exec-10] DEBUG c.f.service.impl.DocumentServiceImpl - Found 1 documents
2025-04-15 09:27:02 [http-nio-8080-exec-10] INFO  c.f.controller.DocumentController - Found 1 documents
2025-04-15 09:27:04 [http-nio-8080-exec-2] DEBUG c.f.service.impl.UserServiceImpl - Loading user by username: test@3.com
2025-04-15 09:27:04 [http-nio-8080-exec-2] DEBUG c.f.security.JwtAuthenticationFilter - doFilterInternal test@3.com
2025-04-15 09:27:04 [http-nio-8080-exec-2] INFO  c.f.controller.DocumentController - Getting documents - page: 0, size: 10, keyword: , sortBy: createdAt, sortOrder: desc
2025-04-15 09:27:04 [http-nio-8080-exec-2] DEBUG c.f.controller.DocumentController - Getting all documents
2025-04-15 09:27:04 [http-nio-8080-exec-2] DEBUG c.f.service.impl.DocumentServiceImpl - Fetching all documents with pageable: Page request [number: 0, size 10, sort: createdAt: DESC]
2025-04-15 09:27:04 [http-nio-8080-exec-2] DEBUG c.f.service.impl.DocumentServiceImpl - Found 1 documents
2025-04-15 09:27:04 [http-nio-8080-exec-2] DEBUG c.f.service.impl.DocumentServiceImpl - Generating preview URL for document with ID: 1
2025-04-15 09:27:04 [http-nio-8080-exec-2] DEBUG c.f.service.impl.OssServiceImpl - Generating signed URL for OSS object: 04aef690-f290-4d70-96a1-2131bc48380f_test1.txt
2025-04-15 09:27:04 [http-nio-8080-exec-2] INFO  c.f.service.impl.OssServiceImpl - Signed URL generated successfully for OSS object: documents/04aef690-f290-4d70-96a1-2131bc48380f_test1.txt
2025-04-15 09:27:04 [http-nio-8080-exec-2] DEBUG c.f.service.impl.DocumentServiceImpl - Signed URL generated for OSS: http://local-store.oss-ap-southeast-1.aliyuncs.com/documents/04aef690-f290-4d70-96a1-2131bc48380f_test1.txt?Expires=1744684024&OSSAccessKeyId=LTAI5tPGZeU2xxaLgWsw76Fv&Signature=42g4UvN1ytsE%2F28q4NIwbiT3be8%3D
2025-04-15 09:27:04 [http-nio-8080-exec-2] INFO  c.f.controller.DocumentController - Found 1 documents
2025-04-15 09:27:06 [http-nio-8080-exec-1] DEBUG c.f.service.impl.UserServiceImpl - Loading user by username: test@3.com
2025-04-15 09:27:06 [http-nio-8080-exec-1] DEBUG c.f.security.JwtAuthenticationFilter - doFilterInternal test@3.com
